build/app/intermediates/manifest_merge_blame_file/release/manifest-merger-blame-release-report.txt
1<?xml version="1.0" encoding="utf-8"?>
2<manifest xmlns:android="http://schemas.android.com/apk/res/android"
3    package="com.msbm.loginsample_app"
4    android:versionCode="1"
5    android:versionName="1.0.0" >
6
7    <uses-sdk
8        android:minSdkVersion="17"
8-->src/main/AndroidManifest.xml
9        android:targetSdkVersion="28" />
9-->src/main/AndroidManifest.xml
10
11    <uses-permission android:name="android.permission.INTERNET" />
11-->src/main/AndroidManifest.xml:3:5-66
11-->src/main/AndroidManifest.xml:3:22-64
12    <uses-permission android:name="android.permission.ACCESS_NETWORK_STATE" />
12-->[com.google.android.exoplayer:exoplayer-core:2.9.6] AndroidManifest.xml:24:5-79
12-->[com.google.android.exoplayer:exoplayer-core:2.9.6] AndroidManifest.xml:24:22-76
13    <uses-permission android:name="android.permission.WAKE_LOCK" />
13-->[androidx.work:work-runtime:2.2.0] AndroidManifest.xml:25:5-68
13-->[androidx.work:work-runtime:2.2.0] AndroidManifest.xml:25:22-65
14    <uses-permission android:name="android.permission.RECEIVE_BOOT_COMPLETED" />
14-->[androidx.work:work-runtime:2.2.0] AndroidManifest.xml:27:5-81
14-->[androidx.work:work-runtime:2.2.0] AndroidManifest.xml:27:22-78
15    <!--
16 io.flutter.app.FlutterApplication is an android.app.Application that
17         calls FlutterMain.startInitialization(this); in its onCreate method.
18         In most cases you can leave this as-is, but you if you want to provide
19         additional functionality it is fine to subclass or reimplement
20         FlutterApplication and put your custom class here.
21    -->
22    <application
22-->src/main/AndroidManifest.xml:9:5-52:19
23        android:name="io.flutter.app.FlutterApplication"
23-->src/main/AndroidManifest.xml:10:9-57
24        android:appComponentFactory="androidx.core.app.CoreComponentFactory"
24-->[androidx.core:core:1.2.0-alpha04] AndroidManifest.xml:24:18-86
25        android:icon="@mipmap/ic_launcher"
25-->src/main/AndroidManifest.xml:12:9-43
26        android:label="loginsample_app" >
26-->src/main/AndroidManifest.xml:11:9-40
27        <activity
27-->src/main/AndroidManifest.xml:13:9-45:20
28            android:name="com.msbm.loginsample_app.MainActivity"
28-->src/main/AndroidManifest.xml:14:13-41
29            android:configChanges="orientation|keyboardHidden|keyboard|screenSize|smallestScreenSize|locale|layoutDirection|fontScale|screenLayout|density|uiMode"
29-->src/main/AndroidManifest.xml:17:13-163
30            android:hardwareAccelerated="true"
30-->src/main/AndroidManifest.xml:18:13-47
31            android:launchMode="singleTop"
31-->src/main/AndroidManifest.xml:15:13-43
32            android:theme="@style/LaunchTheme"
32-->src/main/AndroidManifest.xml:16:13-47
33            android:windowSoftInputMode="adjustResize" >
33-->src/main/AndroidManifest.xml:19:13-55
34
35            <!--
36                 Specifies an Android theme to apply to this Activity as soon as
37                 the Android process has started. This theme is visible to the user
38                 while the Flutter UI initializes. After that, this theme continues
39                 to determine the Window background behind the Flutter UI.
40            -->
41            <meta-data
41-->src/main/AndroidManifest.xml:25:13-28:17
42                android:name="io.flutter.embedding.android.NormalTheme"
42-->src/main/AndroidManifest.xml:26:15-70
43                android:resource="@style/NormalTheme" />
43-->src/main/AndroidManifest.xml:27:15-52
44            <!--
45                 Displays an Android View that continues showing the launch screen
46                 Drawable until Flutter paints its first frame, then this splash
47                 screen fades out. A splash screen is useful to avoid any visual
48                 gap between the end of Android's launch screen and the painting of
49                 Flutter's first frame.
50            -->
51            <meta-data
51-->src/main/AndroidManifest.xml:34:13-37:17
52                android:name="io.flutter.embedding.android.SplashScreenDrawable"
52-->src/main/AndroidManifest.xml:35:15-79
53                android:resource="@drawable/launch_background" />
53-->src/main/AndroidManifest.xml:36:15-61
54
55            <intent-filter>
55-->src/main/AndroidManifest.xml:38:13-42:29
56                <action android:name="android.intent.action.MAIN" />
56-->src/main/AndroidManifest.xml:39:17-68
56-->src/main/AndroidManifest.xml:39:25-66
57
58                <category android:name="android.intent.category.LAUNCHER" />
58-->src/main/AndroidManifest.xml:40:17-76
58-->src/main/AndroidManifest.xml:40:27-74
59            </intent-filter>
60        </activity>
61
62        <!--
63             Don't delete the meta-data below.
64             This is used by the Flutter tool to generate GeneratedPluginRegistrant.java
65        -->
66        <meta-data
66-->src/main/AndroidManifest.xml:49:9-51:33
67            android:name="flutterEmbedding"
67-->src/main/AndroidManifest.xml:50:13-44
68            android:value="2" />
68-->src/main/AndroidManifest.xml:51:13-30
69
70        <activity
70-->[:flutter_inappwebview] AndroidManifest.xml:8:9-11:47
71            android:name="com.pichillilorenzo.flutter_inappwebview.InAppBrowser.InAppBrowserActivity"
71-->[:flutter_inappwebview] AndroidManifest.xml:9:13-102
72            android:configChanges="orientation|screenSize"
72-->[:flutter_inappwebview] AndroidManifest.xml:10:13-59
73            android:theme="@style/AppTheme" />
73-->[:flutter_inappwebview] AndroidManifest.xml:11:13-44
74        <activity
74-->[:flutter_inappwebview] AndroidManifest.xml:12:9-15:55
75            android:name="com.pichillilorenzo.flutter_inappwebview.ChromeCustomTabs.ChromeCustomTabsActivity"
75-->[:flutter_inappwebview] AndroidManifest.xml:13:13-110
76            android:configChanges="orientation|screenSize"
76-->[:flutter_inappwebview] AndroidManifest.xml:14:13-59
77            android:theme="@style/ThemeTransparent" />
77-->[:flutter_inappwebview] AndroidManifest.xml:15:13-52
78
79        <receiver android:name="com.pichillilorenzo.flutter_inappwebview.ChromeCustomTabs.ActionBroadcastReceiver" />
79-->[:flutter_inappwebview] AndroidManifest.xml:17:9-118
79-->[:flutter_inappwebview] AndroidManifest.xml:17:19-115
80
81        <provider
81-->[androidx.work:work-runtime:2.2.0] AndroidManifest.xml:30:9-36:35
82            android:name="androidx.work.impl.WorkManagerInitializer"
82-->[androidx.work:work-runtime:2.2.0] AndroidManifest.xml:31:13-69
83            android:authorities="com.msbm.loginsample_app.workmanager-init"
83-->[androidx.work:work-runtime:2.2.0] AndroidManifest.xml:32:13-68
84            android:directBootAware="false"
84-->[androidx.work:work-runtime:2.2.0] AndroidManifest.xml:33:13-44
85            android:exported="false"
85-->[androidx.work:work-runtime:2.2.0] AndroidManifest.xml:34:13-37
86            android:multiprocess="true" />
86-->[androidx.work:work-runtime:2.2.0] AndroidManifest.xml:35:13-40
87
88        <service
88-->[androidx.work:work-runtime:2.2.0] AndroidManifest.xml:38:9-43:35
89            android:name="androidx.work.impl.background.systemalarm.SystemAlarmService"
89-->[androidx.work:work-runtime:2.2.0] AndroidManifest.xml:39:13-88
90            android:directBootAware="false"
90-->[androidx.work:work-runtime:2.2.0] AndroidManifest.xml:40:13-44
91            android:enabled="@bool/enable_system_alarm_service_default"
91-->[androidx.work:work-runtime:2.2.0] AndroidManifest.xml:41:13-72
92            android:exported="false" />
92-->[androidx.work:work-runtime:2.2.0] AndroidManifest.xml:42:13-37
93        <service
93-->[androidx.work:work-runtime:2.2.0] AndroidManifest.xml:44:9-50:35
94            android:name="androidx.work.impl.background.systemjob.SystemJobService"
94-->[androidx.work:work-runtime:2.2.0] AndroidManifest.xml:45:13-84
95            android:directBootAware="false"
95-->[androidx.work:work-runtime:2.2.0] AndroidManifest.xml:46:13-44
96            android:enabled="@bool/enable_system_job_service_default"
96-->[androidx.work:work-runtime:2.2.0] AndroidManifest.xml:47:13-70
97            android:exported="true"
97-->[androidx.work:work-runtime:2.2.0] AndroidManifest.xml:48:13-36
98            android:permission="android.permission.BIND_JOB_SERVICE" />
98-->[androidx.work:work-runtime:2.2.0] AndroidManifest.xml:49:13-69
99
100        <receiver
100-->[androidx.work:work-runtime:2.2.0] AndroidManifest.xml:52:9-57:35
101            android:name="androidx.work.impl.utils.ForceStopRunnable$BroadcastReceiver"
101-->[androidx.work:work-runtime:2.2.0] AndroidManifest.xml:53:13-88
102            android:directBootAware="false"
102-->[androidx.work:work-runtime:2.2.0] AndroidManifest.xml:54:13-44
103            android:enabled="true"
103-->[androidx.work:work-runtime:2.2.0] AndroidManifest.xml:55:13-35
104            android:exported="false" />
104-->[androidx.work:work-runtime:2.2.0] AndroidManifest.xml:56:13-37
105        <receiver
105-->[androidx.work:work-runtime:2.2.0] AndroidManifest.xml:58:9-68:20
106            android:name="androidx.work.impl.background.systemalarm.ConstraintProxy$BatteryChargingProxy"
106-->[androidx.work:work-runtime:2.2.0] AndroidManifest.xml:59:13-106
107            android:directBootAware="false"
107-->[androidx.work:work-runtime:2.2.0] AndroidManifest.xml:60:13-44
108            android:enabled="false"
108-->[androidx.work:work-runtime:2.2.0] AndroidManifest.xml:61:13-36
109            android:exported="false" >
109-->[androidx.work:work-runtime:2.2.0] AndroidManifest.xml:62:13-37
110            <intent-filter>
110-->[androidx.work:work-runtime:2.2.0] AndroidManifest.xml:64:13-67:29
111                <action android:name="android.intent.action.ACTION_POWER_CONNECTED" />
111-->[androidx.work:work-runtime:2.2.0] AndroidManifest.xml:65:17-87
111-->[androidx.work:work-runtime:2.2.0] AndroidManifest.xml:65:25-84
112                <action android:name="android.intent.action.ACTION_POWER_DISCONNECTED" />
112-->[androidx.work:work-runtime:2.2.0] AndroidManifest.xml:66:17-90
112-->[androidx.work:work-runtime:2.2.0] AndroidManifest.xml:66:25-87
113            </intent-filter>
114        </receiver>
115        <receiver
115-->[androidx.work:work-runtime:2.2.0] AndroidManifest.xml:69:9-79:20
116            android:name="androidx.work.impl.background.systemalarm.ConstraintProxy$BatteryNotLowProxy"
116-->[androidx.work:work-runtime:2.2.0] AndroidManifest.xml:70:13-104
117            android:directBootAware="false"
117-->[androidx.work:work-runtime:2.2.0] AndroidManifest.xml:71:13-44
118            android:enabled="false"
118-->[androidx.work:work-runtime:2.2.0] AndroidManifest.xml:72:13-36
119            android:exported="false" >
119-->[androidx.work:work-runtime:2.2.0] AndroidManifest.xml:73:13-37
120            <intent-filter>
120-->[androidx.work:work-runtime:2.2.0] AndroidManifest.xml:75:13-78:29
121                <action android:name="android.intent.action.BATTERY_OKAY" />
121-->[androidx.work:work-runtime:2.2.0] AndroidManifest.xml:76:17-77
121-->[androidx.work:work-runtime:2.2.0] AndroidManifest.xml:76:25-74
122                <action android:name="android.intent.action.BATTERY_LOW" />
122-->[androidx.work:work-runtime:2.2.0] AndroidManifest.xml:77:17-76
122-->[androidx.work:work-runtime:2.2.0] AndroidManifest.xml:77:25-73
123            </intent-filter>
124        </receiver>
125        <receiver
125-->[androidx.work:work-runtime:2.2.0] AndroidManifest.xml:80:9-90:20
126            android:name="androidx.work.impl.background.systemalarm.ConstraintProxy$StorageNotLowProxy"
126-->[androidx.work:work-runtime:2.2.0] AndroidManifest.xml:81:13-104
127            android:directBootAware="false"
127-->[androidx.work:work-runtime:2.2.0] AndroidManifest.xml:82:13-44
128            android:enabled="false"
128-->[androidx.work:work-runtime:2.2.0] AndroidManifest.xml:83:13-36
129            android:exported="false" >
129-->[androidx.work:work-runtime:2.2.0] AndroidManifest.xml:84:13-37
130            <intent-filter>
130-->[androidx.work:work-runtime:2.2.0] AndroidManifest.xml:86:13-89:29
131                <action android:name="android.intent.action.DEVICE_STORAGE_LOW" />
131-->[androidx.work:work-runtime:2.2.0] AndroidManifest.xml:87:17-83
131-->[androidx.work:work-runtime:2.2.0] AndroidManifest.xml:87:25-80
132                <action android:name="android.intent.action.DEVICE_STORAGE_OK" />
132-->[androidx.work:work-runtime:2.2.0] AndroidManifest.xml:88:17-82
132-->[androidx.work:work-runtime:2.2.0] AndroidManifest.xml:88:25-79
133            </intent-filter>
134        </receiver>
135        <receiver
135-->[androidx.work:work-runtime:2.2.0] AndroidManifest.xml:91:9-100:20
136            android:name="androidx.work.impl.background.systemalarm.ConstraintProxy$NetworkStateProxy"
136-->[androidx.work:work-runtime:2.2.0] AndroidManifest.xml:92:13-103
137            android:directBootAware="false"
137-->[androidx.work:work-runtime:2.2.0] AndroidManifest.xml:93:13-44
138            android:enabled="false"
138-->[androidx.work:work-runtime:2.2.0] AndroidManifest.xml:94:13-36
139            android:exported="false" >
139-->[androidx.work:work-runtime:2.2.0] AndroidManifest.xml:95:13-37
140            <intent-filter>
140-->[androidx.work:work-runtime:2.2.0] AndroidManifest.xml:97:13-99:29
141                <action android:name="android.net.conn.CONNECTIVITY_CHANGE" />
141-->[androidx.work:work-runtime:2.2.0] AndroidManifest.xml:98:17-79
141-->[androidx.work:work-runtime:2.2.0] AndroidManifest.xml:98:25-76
142            </intent-filter>
143        </receiver>
144        <receiver
144-->[androidx.work:work-runtime:2.2.0] AndroidManifest.xml:101:9-112:20
145            android:name="androidx.work.impl.background.systemalarm.RescheduleReceiver"
145-->[androidx.work:work-runtime:2.2.0] AndroidManifest.xml:102:13-88
146            android:directBootAware="false"
146-->[androidx.work:work-runtime:2.2.0] AndroidManifest.xml:103:13-44
147            android:enabled="false"
147-->[androidx.work:work-runtime:2.2.0] AndroidManifest.xml:104:13-36
148            android:exported="false" >
148-->[androidx.work:work-runtime:2.2.0] AndroidManifest.xml:105:13-37
149            <intent-filter>
149-->[androidx.work:work-runtime:2.2.0] AndroidManifest.xml:107:13-111:29
150                <action android:name="android.intent.action.BOOT_COMPLETED" />
150-->[androidx.work:work-runtime:2.2.0] AndroidManifest.xml:108:17-79
150-->[androidx.work:work-runtime:2.2.0] AndroidManifest.xml:108:25-76
151                <action android:name="android.intent.action.TIME_SET" />
151-->[androidx.work:work-runtime:2.2.0] AndroidManifest.xml:109:17-73
151-->[androidx.work:work-runtime:2.2.0] AndroidManifest.xml:109:25-70
152                <action android:name="android.intent.action.TIMEZONE_CHANGED" />
152-->[androidx.work:work-runtime:2.2.0] AndroidManifest.xml:110:17-81
152-->[androidx.work:work-runtime:2.2.0] AndroidManifest.xml:110:25-78
153            </intent-filter>
154        </receiver>
155        <receiver
155-->[androidx.work:work-runtime:2.2.0] AndroidManifest.xml:113:9-122:20
156            android:name="androidx.work.impl.background.systemalarm.ConstraintProxyUpdateReceiver"
156-->[androidx.work:work-runtime:2.2.0] AndroidManifest.xml:114:13-99
157            android:directBootAware="false"
157-->[androidx.work:work-runtime:2.2.0] AndroidManifest.xml:115:13-44
158            android:enabled="@bool/enable_system_alarm_service_default"
158-->[androidx.work:work-runtime:2.2.0] AndroidManifest.xml:116:13-72
159            android:exported="false" >
159-->[androidx.work:work-runtime:2.2.0] AndroidManifest.xml:117:13-37
160            <intent-filter>
160-->[androidx.work:work-runtime:2.2.0] AndroidManifest.xml:119:13-121:29
161                <action android:name="androidx.work.impl.background.systemalarm.UpdateProxies" />
161-->[androidx.work:work-runtime:2.2.0] AndroidManifest.xml:120:17-98
161-->[androidx.work:work-runtime:2.2.0] AndroidManifest.xml:120:25-95
162            </intent-filter>
163        </receiver>
164
165        <service
165-->[androidx.room:room-runtime:2.1.0] AndroidManifest.xml:25:9-27:40
166            android:name="androidx.room.MultiInstanceInvalidationService"
166-->[androidx.room:room-runtime:2.1.0] AndroidManifest.xml:26:13-74
167            android:exported="false" />
167-->[androidx.room:room-runtime:2.1.0] AndroidManifest.xml:27:13-37
168    </application>
169
170</manifest>